<?xml version="1.0" encoding="utf-8"?><testsuites name="pytest tests"><testsuite name="pytest" errors="0" failures="0" skipped="0" tests="7" time="0.719" timestamp="2026-06-23T19:28:53.926987+00:00" hostname="agent-env-65e7b04e-352f-49d4-8758-14f5b5373d35"><testcase classname="backend.tests.test_kirafix_api.TestHealth" name="test_root" time="0.159" /><testcase classname="backend.tests.test_kirafix_api.TestHealth" name="test_health" time="0.048" /><testcase classname="backend.tests.test_kirafix_api.TestContact" name="test_create_contact_valid" time="0.102" /><testcase classname="backend.tests.test_kirafix_api.TestContact" name="test_create_contact_invalid_email" time="0.050" /><testcase classname="backend.tests.test_kirafix_api.TestContact" name="test_create_contact_missing_required" time="0.046" /><testcase classname="backend.tests.test_kirafix_api.TestNewsletter" name="test_signup_new" time="0.105" /><testcase classname="backend.tests.test_kirafix_api.TestNewsletter" name="test_signup_invalid_email" time="0.045" /></testsuite></testsuites>